# Logfile created on 2013-12-26 21:24:13 -0800 by logger.rb/36483
I, [2013-12-26T21:24:13.961155 #46300]  INFO -- : 0:  rake (10.1.0) from /Users/noobeh/.rbenv/versions/2.0.0-p247/lib/ruby/gems/2.0.0/specifications/rake-10.1.0.gemspec
I, [2013-12-26T21:24:15.273495 #46300]  INFO -- : 0:  i18n (0.6.1) from /Users/noobeh/.rbenv/versions/2.0.0-p247/lib/ruby/gems/2.0.0/specifications/i18n-0.6.1.gemspec
I, [2013-12-26T21:24:16.258759 #46300]  INFO -- : 0:  multi_json (1.8.2) from /Users/noobeh/.rbenv/versions/2.0.0-p247/lib/ruby/gems/2.0.0/specifications/multi_json-1.8.2.gemspec
I, [2013-12-26T21:24:20.012396 #46300]  INFO -- : 0:  activesupport (3.2.13) from /Users/noobeh/.rbenv/versions/2.0.0-p247/lib/ruby/gems/2.0.0/specifications/activesupport-3.2.13.gemspec
I, [2013-12-26T21:24:21.099803 #46300]  INFO -- : 0:  builder (3.0.4) from /Users/noobeh/.rbenv/versions/2.0.0-p247/lib/ruby/gems/2.0.0/specifications/builder-3.0.4.gemspec
I, [2013-12-26T21:24:21.807849 #46300]  INFO -- : 0:  activemodel (3.2.13) from /Users/noobeh/.rbenv/versions/2.0.0-p247/lib/ruby/gems/2.0.0/specifications/activemodel-3.2.13.gemspec
I, [2013-12-26T21:24:23.329306 #46300]  INFO -- : 0:  erubis (2.7.0) from /Users/noobeh/.rbenv/versions/2.0.0-p247/lib/ruby/gems/2.0.0/specifications/erubis-2.7.0.gemspec
I, [2013-12-26T21:24:24.007556 #46300]  INFO -- : 0:  journey (1.0.4) from /Users/noobeh/.rbenv/versions/2.0.0-p247/lib/ruby/gems/2.0.0/specifications/journey-1.0.4.gemspec
I, [2013-12-26T21:24:25.385731 #46300]  INFO -- : 0:  rack (1.4.5) from /Users/noobeh/.rbenv/versions/2.0.0-p247/lib/ruby/gems/2.0.0/specifications/rack-1.4.5.gemspec
I, [2013-12-26T21:24:26.771515 #46300]  INFO -- : 0:  rack-cache (1.2) from /Users/noobeh/.rbenv/versions/2.0.0-p247/lib/ruby/gems/2.0.0/specifications/rack-cache-1.2.gemspec
I, [2013-12-26T21:24:27.446956 #46300]  INFO -- : 0:  rack-test (0.6.2) from /Users/noobeh/.rbenv/versions/2.0.0-p247/lib/ruby/gems/2.0.0/specifications/rack-test-0.6.2.gemspec
I, [2013-12-26T21:24:27.872871 #46300]  INFO -- : 0:  hike (1.2.3) from /Users/noobeh/.rbenv/versions/2.0.0-p247/lib/ruby/gems/2.0.0/specifications/hike-1.2.3.gemspec
I, [2013-12-26T21:24:28.681521 #46300]  INFO -- : 0:  tilt (1.4.1) from /Users/noobeh/.rbenv/versions/2.0.0-p247/lib/ruby/gems/2.0.0/specifications/tilt-1.4.1.gemspec
I, [2013-12-26T21:24:29.666755 #46300]  INFO -- : 0:  sprockets (2.2.2) from /Users/noobeh/.rbenv/versions/2.0.0-p247/lib/ruby/gems/2.0.0/specifications/sprockets-2.2.2.gemspec
I, [2013-12-26T21:24:31.404977 #46300]  INFO -- : 0:  actionpack (3.2.13) from /Users/noobeh/.rbenv/versions/2.0.0-p247/lib/ruby/gems/2.0.0/specifications/actionpack-3.2.13.gemspec
I, [2013-12-26T21:24:33.015118 #46300]  INFO -- : 0:  mime-types (1.25.1) from /Users/noobeh/.rbenv/versions/2.0.0-p247/lib/ruby/gems/2.0.0/specifications/mime-types-1.25.1.gemspec
I, [2013-12-26T21:24:33.414729 #46300]  INFO -- : 0:  polyglot (0.3.3) from /Users/noobeh/.rbenv/versions/2.0.0-p247/lib/ruby/gems/2.0.0/specifications/polyglot-0.3.3.gemspec
I, [2013-12-26T21:24:34.679840 #46300]  INFO -- : 0:  treetop (1.4.15) from /Users/noobeh/.rbenv/versions/2.0.0-p247/lib/ruby/gems/2.0.0/specifications/treetop-1.4.15.gemspec
I, [2013-12-26T21:24:39.480289 #46300]  INFO -- : 0:  mail (2.5.4) from /Users/noobeh/.rbenv/versions/2.0.0-p247/lib/ruby/gems/2.0.0/specifications/mail-2.5.4.gemspec
I, [2013-12-26T21:24:39.902862 #46300]  INFO -- : 0:  actionmailer (3.2.13) from /Users/noobeh/.rbenv/versions/2.0.0-p247/lib/ruby/gems/2.0.0/specifications/actionmailer-3.2.13.gemspec
I, [2013-12-26T21:24:40.719366 #46300]  INFO -- : 0:  active_utils (2.0.1) from /Users/noobeh/.rbenv/versions/2.0.0-p247/lib/ruby/gems/2.0.0/specifications/active_utils-2.0.1.gemspec
I, [2013-12-26T21:24:42.807479 #46300]  INFO -- : 0:  json (1.8.1) from /Users/noobeh/.rbenv/versions/2.0.0-p247/lib/ruby/gems/2.0.0/specifications/json-1.8.1.gemspec
I, [2013-12-26T21:24:42.860402 #46300]  INFO -- : 0:  active_shipping (0.11.0) from /Users/noobeh/.rbenv/versions/2.0.0-p247/lib/ruby/gems/2.0.0/bundler/gems/active_shipping-4de8651d49f6/active_shipping.gemspec
I, [2013-12-26T21:24:43.587759 #46300]  INFO -- : 0:  arbre (1.0.1) from /Users/noobeh/.rbenv/versions/2.0.0-p247/lib/ruby/gems/2.0.0/specifications/arbre-1.0.1.gemspec
I, [2013-12-26T21:24:46.846192 #46300]  INFO -- : 0:  sass (3.2.12) from /Users/noobeh/.rbenv/versions/2.0.0-p247/lib/ruby/gems/2.0.0/specifications/sass-3.2.12.gemspec
I, [2013-12-26T21:24:48.037817 #46300]  INFO -- : 0:  thor (0.18.1) from /Users/noobeh/.rbenv/versions/2.0.0-p247/lib/ruby/gems/2.0.0/specifications/thor-0.18.1.gemspec
I, [2013-12-26T21:24:48.670403 #46300]  INFO -- : 0:  bourbon (3.1.8) from /Users/noobeh/.rbenv/versions/2.0.0-p247/lib/ruby/gems/2.0.0/specifications/bourbon-3.1.8.gemspec
I, [2013-12-26T21:24:50.181300 #46300]  INFO -- : 0:  bcrypt-ruby (3.1.2) from /Users/noobeh/.rbenv/versions/2.0.0-p247/lib/ruby/gems/2.0.0/specifications/bcrypt-ruby-3.1.2.gemspec
I, [2013-12-26T21:24:50.851627 #46300]  INFO -- : 0:  orm_adapter (0.5.0) from /Users/noobeh/.rbenv/versions/2.0.0-p247/lib/ruby/gems/2.0.0/specifications/orm_adapter-0.5.0.gemspec
I, [2013-12-26T21:24:51.329582 #46300]  INFO -- : 0:  rack-ssl (1.3.3) from /Users/noobeh/.rbenv/versions/2.0.0-p247/lib/ruby/gems/2.0.0/specifications/rack-ssl-1.3.3.gemspec
I, [2013-12-26T21:24:55.437616 #46300]  INFO -- : 0:  rdoc (3.12.2) from /Users/noobeh/.rbenv/versions/2.0.0-p247/lib/ruby/gems/2.0.0/specifications/rdoc-3.12.2.gemspec
I, [2013-12-26T21:24:59.072202 #46300]  INFO -- : 0:  railties (3.2.13) from /Users/noobeh/.rbenv/versions/2.0.0-p247/lib/ruby/gems/2.0.0/specifications/railties-3.2.13.gemspec
I, [2013-12-26T21:25:00.091927 #46300]  INFO -- : 0:  atomic (1.1.14) from /Users/noobeh/.rbenv/versions/2.0.0-p247/lib/ruby/gems/2.0.0/specifications/atomic-1.1.14.gemspec
I, [2013-12-26T21:25:01.280024 #46300]  INFO -- : 0:  thread_safe (0.1.3) from /Users/noobeh/.rbenv/versions/2.0.0-p247/lib/ruby/gems/2.0.0/specifications/thread_safe-0.1.3.gemspec
I, [2013-12-26T21:25:01.693813 #46300]  INFO -- : 0:  warden (1.2.3) from /Users/noobeh/.rbenv/versions/2.0.0-p247/lib/ruby/gems/2.0.0/specifications/warden-1.2.3.gemspec
I, [2013-12-26T21:25:02.883206 #46300]  INFO -- : 0:  devise (3.1.2) from /Users/noobeh/.rbenv/versions/2.0.0-p247/lib/ruby/gems/2.0.0/specifications/devise-3.1.2.gemspec
I, [2013-12-26T21:25:04.007159 #46300]  INFO -- : 0:  formtastic (2.1.1) from /Users/noobeh/.rbenv/versions/2.0.0-p247/lib/ruby/gems/2.0.0/specifications/formtastic-2.1.1.gemspec
I, [2013-12-26T21:25:04.524635 #46300]  INFO -- : 0:  has_scope (0.6.0.rc) from /Users/noobeh/.rbenv/versions/2.0.0-p247/lib/ruby/gems/2.0.0/specifications/has_scope-0.6.0.rc.gemspec
I, [2013-12-26T21:25:05.085737 #46300]  INFO -- : 0:  responders (1.0.0) from /Users/noobeh/.rbenv/versions/2.0.0-p247/lib/ruby/gems/2.0.0/specifications/responders-1.0.0.gemspec
I, [2013-12-26T21:25:05.905784 #46300]  INFO -- : 0:  inherited_resources (1.4.1) from /Users/noobeh/.rbenv/versions/2.0.0-p247/lib/ruby/gems/2.0.0/specifications/inherited_resources-1.4.1.gemspec
I, [2013-12-26T21:25:07.299289 #46300]  INFO -- : 0:  jquery-rails (2.3.0) from /Users/noobeh/.rbenv/versions/2.0.0-p247/lib/ruby/gems/2.0.0/specifications/jquery-rails-2.3.0.gemspec
I, [2013-12-26T21:25:07.956199 #46300]  INFO -- : 0:  kaminari (0.15.0) from /Users/noobeh/.rbenv/versions/2.0.0-p247/lib/ruby/gems/2.0.0/specifications/kaminari-0.15.0.gemspec
I, [2013-12-26T21:25:08.999339 #46300]  INFO -- : 0:  arel (3.0.3) from /Users/noobeh/.rbenv/versions/2.0.0-p247/lib/ruby/gems/2.0.0/specifications/arel-3.0.3.gemspec
I, [2013-12-26T21:25:11.418462 #46300]  INFO -- : 0:  tzinfo (0.3.38) from /Users/noobeh/.rbenv/versions/2.0.0-p247/lib/ruby/gems/2.0.0/specifications/tzinfo-0.3.38.gemspec
I, [2013-12-26T21:25:15.592098 #46300]  INFO -- : 0:  activerecord (3.2.13) from /Users/noobeh/.rbenv/versions/2.0.0-p247/lib/ruby/gems/2.0.0/specifications/activerecord-3.2.13.gemspec
I, [2013-12-26T21:25:16.278813 #46300]  INFO -- : 0:  polyamorous (0.5.0) from /Users/noobeh/.rbenv/versions/2.0.0-p247/lib/ruby/gems/2.0.0/specifications/polyamorous-0.5.0.gemspec
I, [2013-12-26T21:25:17.002466 #46300]  INFO -- : 0:  meta_search (1.1.3) from /Users/noobeh/.rbenv/versions/2.0.0-p247/lib/ruby/gems/2.0.0/specifications/meta_search-1.1.3.gemspec
I, [2013-12-26T21:25:17.884866 #46300]  INFO -- : 0:  activeresource (3.2.13) from /Users/noobeh/.rbenv/versions/2.0.0-p247/lib/ruby/gems/2.0.0/specifications/activeresource-3.2.13.gemspec
I, [2013-12-26T21:25:17.885162 #46300]  INFO -- : 0:  bundler (1.5.0) from /Users/noobeh/.rbenv/versions/2.0.0-p247/lib/ruby/gems/2.0.0/specifications/bundler-1.5.0.gemspec
I, [2013-12-26T21:25:18.224017 #46300]  INFO -- : 0:  rails (3.2.13) from /Users/noobeh/.rbenv/versions/2.0.0-p247/lib/ruby/gems/2.0.0/specifications/rails-3.2.13.gemspec
I, [2013-12-26T21:25:19.959623 #46300]  INFO -- : 0:  activeadmin (0.6.2) from /Users/noobeh/.rbenv/versions/2.0.0-p247/lib/ruby/gems/2.0.0/specifications/activeadmin-0.6.2.gemspec
I, [2013-12-26T21:25:21.170807 #46300]  INFO -- : 0:  addressable (2.3.5) from /Users/noobeh/.rbenv/versions/2.0.0-p247/lib/ruby/gems/2.0.0/specifications/addressable-2.3.5.gemspec
I, [2013-12-26T21:25:21.938631 #46300]  INFO -- : 0:  ansi (1.4.3) from /Users/noobeh/.rbenv/versions/2.0.0-p247/lib/ruby/gems/2.0.0/specifications/ansi-1.4.3.gemspec
I, [2013-12-26T21:25:22.556153 #46300]  INFO -- : 0:  awesome_print (1.2.0) from /Users/noobeh/.rbenv/versions/2.0.0-p247/lib/ruby/gems/2.0.0/specifications/awesome_print-1.2.0.gemspec
I, [2013-12-26T21:25:23.039570 #46300]  INFO -- : 0:  xml-simple (1.1.2) from /Users/noobeh/.rbenv/versions/2.0.0-p247/lib/ruby/gems/2.0.0/specifications/xml-simple-1.1.2.gemspec
I, [2013-12-26T21:25:24.518775 #46300]  INFO -- : 0:  aws-s3 (0.6.3) from /Users/noobeh/.rbenv/versions/2.0.0-p247/lib/ruby/gems/2.0.0/specifications/aws-s3-0.6.3.gemspec
I, [2013-12-26T21:25:25.391739 #46300]  INFO -- : 0:  mini_portile (0.5.2) from /Users/noobeh/.rbenv/versions/2.0.0-p247/lib/ruby/gems/2.0.0/specifications/mini_portile-0.5.2.gemspec
I, [2013-12-26T21:27:03.851829 #46300]  INFO -- : 0:  nokogiri (1.6.0) from /Users/noobeh/.rbenv/versions/2.0.0-p247/lib/ruby/gems/2.0.0/specifications/nokogiri-1.6.0.gemspec
I, [2013-12-26T21:27:04.977268 #46300]  INFO -- : 0:  uuidtools (2.1.4) from /Users/noobeh/.rbenv/versions/2.0.0-p247/lib/ruby/gems/2.0.0/specifications/uuidtools-2.1.4.gemspec
I, [2013-12-26T21:27:07.077566 #46300]  INFO -- : 0:  aws-sdk (1.29.1) from /Users/noobeh/.rbenv/versions/2.0.0-p247/lib/ruby/gems/2.0.0/specifications/aws-sdk-1.29.1.gemspec
I, [2013-12-26T21:27:08.240031 #46300]  INFO -- : 0:  coderay (1.1.0) from /Users/noobeh/.rbenv/versions/2.0.0-p247/lib/ruby/gems/2.0.0/specifications/coderay-1.1.0.gemspec
I, [2013-12-26T21:27:08.862093 #46300]  INFO -- : 0:  better_errors (1.0.1) from /Users/noobeh/.rbenv/versions/2.0.0-p247/lib/ruby/gems/2.0.0/specifications/better_errors-1.0.1.gemspec
I, [2013-12-26T21:27:09.604096 #46300]  INFO -- : 0:  debug_inspector (0.0.2) from /Users/noobeh/.rbenv/versions/2.0.0-p247/lib/ruby/gems/2.0.0/specifications/debug_inspector-0.0.2.gemspec
I, [2013-12-26T21:27:11.110939 #46300]  INFO -- : 0:  binding_of_caller (0.7.2) from /Users/noobeh/.rbenv/versions/2.0.0-p247/lib/ruby/gems/2.0.0/specifications/binding_of_caller-0.7.2.gemspec
I, [2013-12-26T21:27:11.593164 #46300]  INFO -- : 0:  uniform_notifier (1.4.0) from /Users/noobeh/.rbenv/versions/2.0.0-p247/lib/ruby/gems/2.0.0/specifications/uniform_notifier-1.4.0.gemspec
I, [2013-12-26T21:27:12.461754 #46300]  INFO -- : 0:  bullet (4.7.1) from /Users/noobeh/.rbenv/versions/2.0.0-p247/lib/ruby/gems/2.0.0/specifications/bullet-4.7.1.gemspec
I, [2013-12-26T21:27:13.113843 #46300]  INFO -- : 0:  callsite (0.0.11) from /Users/noobeh/.rbenv/versions/2.0.0-p247/lib/ruby/gems/2.0.0/specifications/callsite-0.0.11.gemspec
I, [2013-12-26T21:27:14.184944 #46300]  INFO -- : 0:  carrierwave (0.9.0) from /Users/noobeh/.rbenv/versions/2.0.0-p247/lib/ruby/gems/2.0.0/specifications/carrierwave-0.9.0.gemspec
I, [2013-12-26T21:27:15.515558 #46300]  INFO -- : 0:  cocaine (0.3.2) from /Users/noobeh/.rbenv/versions/2.0.0-p247/lib/ruby/gems/2.0.0/specifications/cocaine-0.3.2.gemspec
I, [2013-12-26T21:27:16.763349 #46300]  INFO -- : 0:  coffee-script-source (1.6.3) from /Users/noobeh/.rbenv/versions/2.0.0-p247/lib/ruby/gems/2.0.0/specifications/coffee-script-source-1.6.3.gemspec
I, [2013-12-26T21:27:17.334864 #46300]  INFO -- : 0:  execjs (2.0.2) from /Users/noobeh/.rbenv/versions/2.0.0-p247/lib/ruby/gems/2.0.0/specifications/execjs-2.0.2.gemspec
I, [2013-12-26T21:27:17.677206 #46300]  INFO -- : 0:  coffee-script (2.2.0) from /Users/noobeh/.rbenv/versions/2.0.0-p247/lib/ruby/gems/2.0.0/specifications/coffee-script-2.2.0.gemspec
I, [2013-12-26T21:27:18.107016 #46300]  INFO -- : 0:  coffee-rails (3.2.2) from /Users/noobeh/.rbenv/versions/2.0.0-p247/lib/ruby/gems/2.0.0/specifications/coffee-rails-3.2.2.gemspec
I, [2013-12-26T21:27:18.578512 #46300]  INFO -- : 0:  columnize (0.3.6) from /Users/noobeh/.rbenv/versions/2.0.0-p247/lib/ruby/gems/2.0.0/specifications/columnize-0.3.6.gemspec
I, [2013-12-26T21:27:19.205783 #46300]  INFO -- : 0:  commonjs (0.2.7) from /Users/noobeh/.rbenv/versions/2.0.0-p247/lib/ruby/gems/2.0.0/specifications/commonjs-0.2.7.gemspec
I, [2013-12-26T21:27:20.164170 #46300]  INFO -- : 0:  coolline (0.4.2) from /Users/noobeh/.rbenv/versions/2.0.0-p247/lib/ruby/gems/2.0.0/specifications/coolline-0.4.2.gemspec
I, [2013-12-26T21:27:20.975623 #46300]  INFO -- : 0:  daemons (1.1.9) from /Users/noobeh/.rbenv/versions/2.0.0-p247/lib/ruby/gems/2.0.0/specifications/daemons-1.1.9.gemspec
I, [2013-12-26T21:27:21.564002 #46300]  INFO -- : 0:  debugger-linecache (1.2.0) from /Users/noobeh/.rbenv/versions/2.0.0-p247/lib/ruby/gems/2.0.0/specifications/debugger-linecache-1.2.0.gemspec
I, [2013-12-26T21:27:25.636662 #46300]  INFO -- : 0:  debugger-ruby_core_source (1.2.4) from /Users/noobeh/.rbenv/versions/2.0.0-p247/lib/ruby/gems/2.0.0/specifications/debugger-ruby_core_source-1.2.4.gemspec
I, [2013-12-26T21:27:28.372782 #46300]  INFO -- : 0:  debugger (1.6.3) from /Users/noobeh/.rbenv/versions/2.0.0-p247/lib/ruby/gems/2.0.0/specifications/debugger-1.6.3.gemspec
I, [2013-12-26T21:27:28.949690 #46300]  INFO -- : 0:  devise-encryptable (0.1.2) from /Users/noobeh/.rbenv/versions/2.0.0-p247/lib/ruby/gems/2.0.0/specifications/devise-encryptable-0.1.2.gemspec
I, [2013-12-26T21:27:28.990835 #46300]  INFO -- : 0:  devise_invitable (1.3.1) from /Users/noobeh/.rbenv/versions/2.0.0-p247/lib/ruby/gems/2.0.0/bundler/gems/devise_invitable-09d1b9830787/devise_invitable.gemspec
I, [2013-12-26T21:27:29.564278 #46300]  INFO -- : 0:  diff-lcs (1.2.5) from /Users/noobeh/.rbenv/versions/2.0.0-p247/lib/ruby/gems/2.0.0/specifications/diff-lcs-1.2.5.gemspec
I, [2013-12-26T21:27:30.104800 #46300]  INFO -- : 0:  diffy (3.0.1) from /Users/noobeh/.rbenv/versions/2.0.0-p247/lib/ruby/gems/2.0.0/specifications/diffy-3.0.1.gemspec
I, [2013-12-26T21:27:40.553414 #46300]  INFO -- : 0:  eventmachine (1.0.3) from /Users/noobeh/.rbenv/versions/2.0.0-p247/lib/ruby/gems/2.0.0/specifications/eventmachine-1.0.3.gemspec
I, [2013-12-26T21:27:41.735650 #46300]  INFO -- : 0:  exception_notification (4.0.1) from /Users/noobeh/.rbenv/versions/2.0.0-p247/lib/ruby/gems/2.0.0/specifications/exception_notification-4.0.1.gemspec
I, [2013-12-26T21:27:42.575235 #46300]  INFO -- : 0:  ey_config (0.0.6) from /Users/noobeh/.rbenv/versions/2.0.0-p247/lib/ruby/gems/2.0.0/specifications/ey_config-0.0.6.gemspec
I, [2013-12-26T21:27:43.072453 #46300]  INFO -- : 0:  multipart-post (1.2.0) from /Users/noobeh/.rbenv/versions/2.0.0-p247/lib/ruby/gems/2.0.0/specifications/multipart-post-1.2.0.gemspec
I, [2013-12-26T21:27:43.918585 #46300]  INFO -- : 0:  faraday (0.8.8) from /Users/noobeh/.rbenv/versions/2.0.0-p247/lib/ruby/gems/2.0.0/specifications/faraday-0.8.8.gemspec
I, [2013-12-26T21:27:44.292572 #46300]  INFO -- : 0:  fattr (2.2.1) from /Users/noobeh/.rbenv/versions/2.0.0-p247/lib/ruby/gems/2.0.0/specifications/fattr-2.2.1.gemspec
I, [2013-12-26T21:27:44.683641 #46300]  INFO -- : 0:  figaro (0.7.0) from /Users/noobeh/.rbenv/versions/2.0.0-p247/lib/ruby/gems/2.0.0/specifications/figaro-0.7.0.gemspec
I, [2013-12-26T21:27:45.447128 #46300]  INFO -- : 0:  foreigner (1.6.0) from /Users/noobeh/.rbenv/versions/2.0.0-p247/lib/ruby/gems/2.0.0/specifications/foreigner-1.6.0.gemspec
I, [2013-12-26T21:27:47.023638 #46300]  INFO -- : 0:  geocoder (1.1.9) from /Users/noobeh/.rbenv/versions/2.0.0-p247/lib/ruby/gems/2.0.0/specifications/geocoder-1.1.9.gemspec
I, [2013-12-26T21:27:59.472197 #46300]  INFO -- : 0:  geokit (1.7.1) from /Users/noobeh/.rbenv/versions/2.0.0-p247/lib/ruby/gems/2.0.0/specifications/geokit-1.7.1.gemspec
I, [2013-12-26T21:28:00.478370 #46300]  INFO -- : 0:  posix-spawn (0.3.8) from /Users/noobeh/.rbenv/versions/2.0.0-p247/lib/ruby/gems/2.0.0/specifications/posix-spawn-0.3.8.gemspec
I, [2013-12-26T21:28:01.727549 #46300]  INFO -- : 0:  grit (2.5.0) from /Users/noobeh/.rbenv/versions/2.0.0-p247/lib/ruby/gems/2.0.0/specifications/grit-2.5.0.gemspec
I, [2013-12-26T21:28:02.307433 #46300]  INFO -- : 0:  hashie (2.0.5) from /Users/noobeh/.rbenv/versions/2.0.0-p247/lib/ruby/gems/2.0.0/specifications/hashie-2.0.5.gemspec
I, [2013-12-26T21:28:04.163932 #46300]  INFO -- : 0:  highline (1.6.20) from /Users/noobeh/.rbenv/versions/2.0.0-p247/lib/ruby/gems/2.0.0/specifications/highline-1.6.20.gemspec
I, [2013-12-26T21:28:04.878027 #46300]  INFO -- : 0:  hirb (0.7.1) from /Users/noobeh/.rbenv/versions/2.0.0-p247/lib/ruby/gems/2.0.0/specifications/hirb-0.7.1.gemspec
I, [2013-12-26T21:28:05.486712 #46300]  INFO -- : 0:  multi_xml (0.5.5) from /Users/noobeh/.rbenv/versions/2.0.0-p247/lib/ruby/gems/2.0.0/specifications/multi_xml-0.5.5.gemspec
I, [2013-12-26T21:28:10.757056 #46300]  INFO -- : 0:  httparty (0.10.0) from /Users/noobeh/.rbenv/versions/2.0.0-p247/lib/ruby/gems/2.0.0/specifications/httparty-0.10.0.gemspec
I, [2013-12-26T21:28:11.149058 #46300]  INFO -- : 0:  httpauth (0.2.0) from /Users/noobeh/.rbenv/versions/2.0.0-p247/lib/ruby/gems/2.0.0/specifications/httpauth-0.2.0.gemspec
I, [2013-12-26T21:28:11.608394 #46300]  INFO -- : 0:  method_source (0.8.2) from /Users/noobeh/.rbenv/versions/2.0.0-p247/lib/ruby/gems/2.0.0/specifications/method_source-0.8.2.gemspec
I, [2013-12-26T21:28:12.073662 #46300]  INFO -- : 0:  slop (3.4.7) from /Users/noobeh/.rbenv/versions/2.0.0-p247/lib/ruby/gems/2.0.0/specifications/slop-3.4.7.gemspec
I, [2013-12-26T21:28:13.833127 #46300]  INFO -- : 0:  pry (0.9.12.4) from /Users/noobeh/.rbenv/versions/2.0.0-p247/lib/ruby/gems/2.0.0/specifications/pry-0.9.12.4.gemspec
I, [2013-12-26T21:28:14.298907 #46300]  INFO -- : 0:  pry-debugger (0.2.2) from /Users/noobeh/.rbenv/versions/2.0.0-p247/lib/ruby/gems/2.0.0/specifications/pry-debugger-0.2.2.gemspec
I, [2013-12-26T21:28:18.440809 #46300]  INFO -- : 0:  yard (0.8.7.3) from /Users/noobeh/.rbenv/versions/2.0.0-p247/lib/ruby/gems/2.0.0/specifications/yard-0.8.7.3.gemspec
I, [2013-12-26T21:28:29.109626 #46300]  INFO -- : 0:  pry-doc (0.4.6) from /Users/noobeh/.rbenv/versions/2.0.0-p247/lib/ruby/gems/2.0.0/specifications/pry-doc-0.4.6.gemspec
I, [2013-12-26T21:28:29.851590 #46300]  INFO -- : 0:  pry-git (0.2.3) from /Users/noobeh/.rbenv/versions/2.0.0-p247/lib/ruby/gems/2.0.0/specifications/pry-git-0.2.3.gemspec
I, [2013-12-26T21:28:30.518943 #46300]  INFO -- : 0:  pry-rails (0.3.2) from /Users/noobeh/.rbenv/versions/2.0.0-p247/lib/ruby/gems/2.0.0/specifications/pry-rails-0.3.2.gemspec
I, [2013-12-26T21:28:31.086973 #46300]  INFO -- : 0:  pry-remote (0.1.7) from /Users/noobeh/.rbenv/versions/2.0.0-p247/lib/ruby/gems/2.0.0/specifications/pry-remote-0.1.7.gemspec
I, [2013-12-26T21:28:32.095183 #46300]  INFO -- : 0:  pry-stack_explorer (0.4.9.1) from /Users/noobeh/.rbenv/versions/2.0.0-p247/lib/ruby/gems/2.0.0/specifications/pry-stack_explorer-0.4.9.1.gemspec
I, [2013-12-26T21:28:32.472537 #46300]  INFO -- : 0:  jazz_hands (0.5.2) from /Users/noobeh/.rbenv/versions/2.0.0-p247/lib/ruby/gems/2.0.0/specifications/jazz_hands-0.5.2.gemspec
I, [2013-12-26T21:28:33.045171 #46300]  INFO -- : 0:  jquery-fileupload-rails (0.4.1) from /Users/noobeh/.rbenv/versions/2.0.0-p247/lib/ruby/gems/2.0.0/specifications/jquery-fileupload-rails-0.4.1.gemspec
I, [2013-12-26T21:28:33.528136 #46300]  INFO -- : 0:  jwt (0.1.8) from /Users/noobeh/.rbenv/versions/2.0.0-p247/lib/ruby/gems/2.0.0/specifications/jwt-0.1.8.gemspec
I, [2013-12-26T21:28:35.163668 #46300]  INFO -- : 0:  koala (1.6.0) from /Users/noobeh/.rbenv/versions/2.0.0-p247/lib/ruby/gems/2.0.0/specifications/koala-1.6.0.gemspec
I, [2013-12-26T21:28:38.769909 #46300]  INFO -- : 0:  less (2.4.0) from /Users/noobeh/.rbenv/versions/2.0.0-p247/lib/ruby/gems/2.0.0/specifications/less-2.4.0.gemspec
I, [2013-12-26T21:28:40.211027 #46300]  INFO -- : 0:  less-rails (2.4.2) from /Users/noobeh/.rbenv/versions/2.0.0-p247/lib/ruby/gems/2.0.0/specifications/less-rails-2.4.2.gemspec
I, [2013-12-26T21:31:12.880770 #46300]  INFO -- : 0:  libv8 (3.11.8.17) from /Users/noobeh/.rbenv/versions/2.0.0-p247/lib/ruby/gems/2.0.0/specifications/libv8-3.11.8.17-x86_64-darwin-13.gemspec
I, [2013-12-26T21:31:13.765128 #46300]  INFO -- : 0:  oauth (0.4.7) from /Users/noobeh/.rbenv/versions/2.0.0-p247/lib/ruby/gems/2.0.0/specifications/oauth-0.4.7.gemspec
I, [2013-12-26T21:31:14.401577 #46300]  INFO -- : 0:  linkedin (0.4.4) from /Users/noobeh/.rbenv/versions/2.0.0-p247/lib/ruby/gems/2.0.0/specifications/linkedin-0.4.4.gemspec
I, [2013-12-26T21:31:15.202657 #46300]  INFO -- : 0:  mailboxer (0.11.0) from /Users/noobeh/.rbenv/versions/2.0.0-p247/lib/ruby/gems/2.0.0/specifications/mailboxer-0.11.0.gemspec
I, [2013-12-26T21:31:15.813493 #46300]  INFO -- : 0:  rack-contrib (1.1.0) from /Users/noobeh/.rbenv/versions/2.0.0-p247/lib/ruby/gems/2.0.0/specifications/rack-contrib-1.1.0.gemspec
I, [2013-12-26T21:31:16.467496 #46300]  INFO -- : 0:  meta_request (0.2.8) from /Users/noobeh/.rbenv/versions/2.0.0-p247/lib/ruby/gems/2.0.0/specifications/meta_request-0.2.8.gemspec
I, [2013-12-26T21:31:19.339667 #46300]  INFO -- : 0:  mysql2 (0.3.14) from /Users/noobeh/.rbenv/versions/2.0.0-p247/lib/ruby/gems/2.0.0/specifications/mysql2-0.3.14.gemspec
I, [2013-12-26T21:31:20.000428 #46300]  INFO -- : 0:  nestful (1.0.7) from /Users/noobeh/.rbenv/versions/2.0.0-p247/lib/ruby/gems/2.0.0/specifications/nestful-1.0.7.gemspec
I, [2013-12-26T21:31:21.916442 #46300]  INFO -- : 0:  newrelic_rpm (3.7.0.177) from /Users/noobeh/.rbenv/versions/2.0.0-p247/lib/ruby/gems/2.0.0/specifications/newrelic_rpm-3.7.0.177.gemspec
I, [2013-12-26T21:31:22.773129 #46300]  INFO -- : 0:  oauth2 (0.8.1) from /Users/noobeh/.rbenv/versions/2.0.0-p247/lib/ruby/gems/2.0.0/specifications/oauth2-0.8.1.gemspec
I, [2013-12-26T21:31:23.242476 #46300]  INFO -- : 0:  omniauth (1.1.4) from /Users/noobeh/.rbenv/versions/2.0.0-p247/lib/ruby/gems/2.0.0/specifications/omniauth-1.1.4.gemspec
I, [2013-12-26T21:31:23.565307 #46300]  INFO -- : 0:  omniauth-oauth2 (1.1.1) from /Users/noobeh/.rbenv/versions/2.0.0-p247/lib/ruby/gems/2.0.0/specifications/omniauth-oauth2-1.1.1.gemspec
I, [2013-12-26T21:31:24.729388 #46300]  INFO -- : 0:  omniauth-facebook (1.5.1) from /Users/noobeh/.rbenv/versions/2.0.0-p247/lib/ruby/gems/2.0.0/specifications/omniauth-facebook-1.5.1.gemspec
I, [2013-12-26T21:31:25.385823 #46300]  INFO -- : 0:  omniauth-oauth (1.0.1) from /Users/noobeh/.rbenv/versions/2.0.0-p247/lib/ruby/gems/2.0.0/specifications/omniauth-oauth-1.0.1.gemspec
I, [2013-12-26T21:31:25.871973 #46300]  INFO -- : 0:  omniauth-linkedin (0.1.0) from /Users/noobeh/.rbenv/versions/2.0.0-p247/lib/ruby/gems/2.0.0/specifications/omniauth-linkedin-0.1.0.gemspec
I, [2013-12-26T21:31:26.333023 #46300]  INFO -- : 0:  omniauth-twitter (1.0.1) from /Users/noobeh/.rbenv/versions/2.0.0-p247/lib/ruby/gems/2.0.0/specifications/omniauth-twitter-1.0.1.gemspec
I, [2013-12-26T21:31:27.336909 #46300]  INFO -- : 0:  opentok (0.1.2) from /Users/noobeh/.rbenv/versions/2.0.0-p247/lib/ruby/gems/2.0.0/specifications/opentok-0.1.2.gemspec
I, [2013-12-26T21:31:27.958399 #46300]  INFO -- : 0:  options (2.3.0) from /Users/noobeh/.rbenv/versions/2.0.0-p247/lib/ruby/gems/2.0.0/specifications/options-2.3.0.gemspec
I, [2013-12-26T21:31:29.322094 #46300]  INFO -- : 0:  paperclip (2.5.2) from /Users/noobeh/.rbenv/versions/2.0.0-p247/lib/ruby/gems/2.0.0/specifications/paperclip-2.5.2.gemspec
I, [2013-12-26T21:31:29.682690 #46300]  INFO -- : 0:  pr_geohash (1.0.0) from /Users/noobeh/.rbenv/versions/2.0.0-p247/lib/ruby/gems/2.0.0/specifications/pr_geohash-1.0.0.gemspec
I, [2013-12-26T21:31:30.474613 #46300]  INFO -- : 0:  progress_bar (1.0.0) from /Users/noobeh/.rbenv/versions/2.0.0-p247/lib/ruby/gems/2.0.0/specifications/progress_bar-1.0.0.gemspec
I, [2013-12-26T21:31:31.012974 #46300]  INFO -- : 0:  public_activity (1.4.0) from /Users/noobeh/.rbenv/versions/2.0.0-p247/lib/ruby/gems/2.0.0/specifications/public_activity-1.4.0.gemspec
I, [2013-12-26T21:31:31.476093 #46300]  INFO -- : 0:  quiet_assets (1.0.2) from /Users/noobeh/.rbenv/versions/2.0.0-p247/lib/ruby/gems/2.0.0/specifications/quiet_assets-1.0.2.gemspec
I, [2013-12-26T21:31:32.496611 #46300]  INFO -- : 0:  rabl (0.9.3) from /Users/noobeh/.rbenv/versions/2.0.0-p247/lib/ruby/gems/2.0.0/specifications/rabl-0.9.3.gemspec
I, [2013-12-26T21:31:33.195727 #46300]  INFO -- : 0:  rack-mini-profiler (0.1.31) from /Users/noobeh/.rbenv/versions/2.0.0-p247/lib/ruby/gems/2.0.0/specifications/rack-mini-profiler-0.1.31.gemspec
I, [2013-12-26T21:31:33.620492 #46300]  INFO -- : 0:  rack-protection (1.5.1) from /Users/noobeh/.rbenv/versions/2.0.0-p247/lib/ruby/gems/2.0.0/specifications/rack-protection-1.5.1.gemspec
I, [2013-12-26T21:31:34.533644 #46300]  INFO -- : 0:  rails-footnotes (3.7.9) from /Users/noobeh/.rbenv/versions/2.0.0-p247/lib/ruby/gems/2.0.0/specifications/rails-footnotes-3.7.9.gemspec
I, [2013-12-26T21:31:35.091055 #46300]  INFO -- : 0:  rails_autolink (1.1.5) from /Users/noobeh/.rbenv/versions/2.0.0-p247/lib/ruby/gems/2.0.0/specifications/rails_autolink-1.1.5.gemspec
I, [2013-12-26T21:31:35.898243 #46300]  INFO -- : 0:  redis (2.2.2) from /Users/noobeh/.rbenv/versions/2.0.0-p247/lib/ruby/gems/2.0.0/specifications/redis-2.2.2.gemspec
I, [2013-12-26T21:31:36.559563 #46300]  INFO -- : 0:  redis-namespace (1.1.1) from /Users/noobeh/.rbenv/versions/2.0.0-p247/lib/ruby/gems/2.0.0/specifications/redis-namespace-1.1.1.gemspec
I, [2013-12-26T21:31:40.686037 #46300]  INFO -- : 0:  redis-store (1.0.0.1) from /Users/noobeh/.rbenv/versions/2.0.0-p247/lib/ruby/gems/2.0.0/specifications/redis-store-1.0.0.1.gemspec
I, [2013-12-26T21:31:41.335107 #46300]  INFO -- : 0:  ref (1.0.5) from /Users/noobeh/.rbenv/versions/2.0.0-p247/lib/ruby/gems/2.0.0/specifications/ref-1.0.5.gemspec
I, [2013-12-26T21:31:41.979387 #46300]  INFO -- : 0:  remotipart (1.2.1) from /Users/noobeh/.rbenv/versions/2.0.0-p247/lib/ruby/gems/2.0.0/specifications/remotipart-1.2.1.gemspec
I, [2013-12-26T21:31:43.079049 #46300]  INFO -- : 0:  sinatra (1.4.4) from /Users/noobeh/.rbenv/versions/2.0.0-p247/lib/ruby/gems/2.0.0/specifications/sinatra-1.4.4.gemspec
I, [2013-12-26T21:31:43.535066 #46300]  INFO -- : 0:  vegas (0.1.11) from /Users/noobeh/.rbenv/versions/2.0.0-p247/lib/ruby/gems/2.0.0/specifications/vegas-0.1.11.gemspec
I, [2013-12-26T21:31:44.271170 #46300]  INFO -- : 0:  resque (1.23.1) from /Users/noobeh/.rbenv/versions/2.0.0-p247/lib/ruby/gems/2.0.0/specifications/resque-1.23.1.gemspec
I, [2013-12-26T21:31:44.967497 #46300]  INFO -- : 0:  rufus-scheduler (3.0.3) from /Users/noobeh/.rbenv/versions/2.0.0-p247/lib/ruby/gems/2.0.0/specifications/rufus-scheduler-3.0.3.gemspec
I, [2013-12-26T21:31:46.485307 #46300]  INFO -- : 0:  resque-scheduler (2.1.0) from /Users/noobeh/.rbenv/versions/2.0.0-p247/lib/ruby/gems/2.0.0/specifications/resque-scheduler-2.1.0.gemspec
I, [2013-12-26T21:31:47.102364 #46300]  INFO -- : 0:  resque_mailer (2.2.6) from /Users/noobeh/.rbenv/versions/2.0.0-p247/lib/ruby/gems/2.0.0/specifications/resque_mailer-2.2.6.gemspec
I, [2013-12-26T21:31:47.537882 #46300]  INFO -- : 0:  rest-client (1.6.7) from /Users/noobeh/.rbenv/versions/2.0.0-p247/lib/ruby/gems/2.0.0/specifications/rest-client-1.6.7.gemspec
I, [2013-12-26T21:32:00.983388 #46300]  INFO -- : 0:  rmagick (2.13.2) from /Users/noobeh/.rbenv/versions/2.0.0-p247/lib/ruby/gems/2.0.0/specifications/rmagick-2.13.2.gemspec
I, [2013-12-26T21:32:02.126669 #46300]  INFO -- : 0:  roauth (0.0.8) from /Users/noobeh/.rbenv/versions/2.0.0-p247/lib/ruby/gems/2.0.0/specifications/roauth-0.0.8.gemspec
I, [2013-12-26T21:32:04.079643 #46300]  INFO -- : 0:  rollbar (0.12.1) from /Users/noobeh/.rbenv/versions/2.0.0-p247/lib/ruby/gems/2.0.0/specifications/rollbar-0.12.1.gemspec
I, [2013-12-26T21:32:05.015909 #46300]  INFO -- : 0:  rsolr (1.0.9) from /Users/noobeh/.rbenv/versions/2.0.0-p247/lib/ruby/gems/2.0.0/specifications/rsolr-1.0.9.gemspec
I, [2013-12-26T21:32:06.013554 #46300]  INFO -- : 0:  sass-rails (3.2.6) from /Users/noobeh/.rbenv/versions/2.0.0-p247/lib/ruby/gems/2.0.0/specifications/sass-rails-3.2.6.gemspec
I, [2013-12-26T21:32:07.441963 #46300]  INFO -- : 0:  sendgrid (1.2.0) from /Users/noobeh/.rbenv/versions/2.0.0-p247/lib/ruby/gems/2.0.0/specifications/sendgrid-1.2.0.gemspec
I, [2013-12-26T21:32:07.926861 #46300]  INFO -- : 0:  simple-random (0.9.3) from /Users/noobeh/.rbenv/versions/2.0.0-p247/lib/ruby/gems/2.0.0/specifications/simple-random-0.9.3.gemspec
I, [2013-12-26T21:32:08.422426 #46300]  INFO -- : 0:  simple_oauth (0.2.0) from /Users/noobeh/.rbenv/versions/2.0.0-p247/lib/ruby/gems/2.0.0/specifications/simple_oauth-0.2.0.gemspec
I, [2013-12-26T21:32:09.271139 #46300]  INFO -- : 0:  split (0.6.6) from /Users/noobeh/.rbenv/versions/2.0.0-p247/lib/ruby/gems/2.0.0/specifications/split-0.6.6.gemspec
I, [2013-12-26T21:32:11.986575 #46300]  INFO -- : 0:  stripe (1.9.9) from /Users/noobeh/.rbenv/versions/2.0.0-p247/lib/ruby/gems/2.0.0/specifications/stripe-1.9.9.gemspec
I, [2013-12-26T21:32:12.294464 #46300]  INFO -- : 0:  sunspot (2.1.0) from /Users/noobeh/.rbenv/versions/2.0.0-p247/lib/ruby/gems/2.0.0/bundler/gems/sunspot-7917f8e0860b/sunspot/sunspot.gemspec
I, [2013-12-26T21:32:12.344667 #46300]  INFO -- : 0:  sunspot_rails (2.1.0) from /Users/noobeh/.rbenv/versions/2.0.0-p247/lib/ruby/gems/2.0.0/bundler/gems/sunspot-7917f8e0860b/sunspot_rails/sunspot_rails.gemspec
I, [2013-12-26T21:32:13.582535 #46300]  INFO -- : 0:  sunspot_solr (2.1.0) from /Users/noobeh/.rbenv/versions/2.0.0-p247/lib/ruby/gems/2.0.0/bundler/gems/sunspot-7917f8e0860b/sunspot_solr/sunspot_solr.gemspec
I, [2013-12-26T21:32:22.252853 #46300]  INFO -- : 0:  therubyracer (0.11.4) from /Users/noobeh/.rbenv/versions/2.0.0-p247/lib/ruby/gems/2.0.0/specifications/therubyracer-0.11.4.gemspec
I, [2013-12-26T21:32:24.106667 #46300]  INFO -- : 0:  thin (1.6.1) from /Users/noobeh/.rbenv/versions/2.0.0-p247/lib/ruby/gems/2.0.0/specifications/thin-1.6.1.gemspec
I, [2013-12-26T21:32:26.836193 #46300]  INFO -- : 0:  turn (0.8.2) from /Users/noobeh/.rbenv/versions/2.0.0-p247/lib/ruby/gems/2.0.0/specifications/turn-0.8.2.gemspec
I, [2013-12-26T21:32:28.573858 #46300]  INFO -- : 0:  twilio-ruby (3.11.4) from /Users/noobeh/.rbenv/versions/2.0.0-p247/lib/ruby/gems/2.0.0/specifications/twilio-ruby-3.11.4.gemspec
I, [2013-12-26T21:32:29.252380 #46300]  INFO -- : 0:  twitpic-full (1.0.1) from /Users/noobeh/.rbenv/versions/2.0.0-p247/lib/ruby/gems/2.0.0/specifications/twitpic-full-1.0.1.gemspec
I, [2013-12-26T21:32:31.675670 #46300]  INFO -- : 0:  twitter (4.8.1) from /Users/noobeh/.rbenv/versions/2.0.0-p247/lib/ruby/gems/2.0.0/specifications/twitter-4.8.1.gemspec
I, [2013-12-26T21:32:31.981603 #46300]  INFO -- : 0:  twitter-bootstrap-rails (2.2.8) from /Users/noobeh/.rbenv/versions/2.0.0-p247/lib/ruby/gems/2.0.0/bundler/gems/twitter-bootstrap-rails-e73a12afc1ef/twitter-bootstrap-rails.gemspec
I, [2013-12-26T21:32:32.687064 #46300]  INFO -- : 0:  uglifier (2.3.2) from /Users/noobeh/.rbenv/versions/2.0.0-p247/lib/ruby/gems/2.0.0/specifications/uglifier-2.3.2.gemspec
I, [2013-12-26T21:32:36.097251 #46300]  INFO -- : 0:  unicorn (1.1.5) from /Users/noobeh/.rbenv/versions/2.0.0-p247/lib/ruby/gems/2.0.0/specifications/unicorn-1.1.5.gemspec
I, [2013-12-26T21:32:36.965585 #46300]  INFO -- : 0:  will_paginate (3.0.5) from /Users/noobeh/.rbenv/versions/2.0.0-p247/lib/ruby/gems/2.0.0/specifications/will_paginate-3.0.5.gemspec
I, [2013-12-26T21:32:43.464463 #46300]  INFO -- : 0:  wiselinks (1.1.2) from /Users/noobeh/.rbenv/versions/2.0.0-p247/lib/ruby/gems/2.0.0/specifications/wiselinks-1.1.2.gemspec
I, [2014-01-02T13:15:29.424436 #6546]  INFO -- : 0:  rake (10.1.1) from /Users/noobeh/.rbenv/versions/2.0.0-p247/lib/ruby/gems/2.0.0/specifications/rake-10.1.1.gemspec
I, [2014-01-02T13:15:29.425443 #6546]  INFO -- : 0:  i18n (0.6.1) from /Users/noobeh/.rbenv/versions/2.0.0-p247/lib/ruby/gems/2.0.0/specifications/i18n-0.6.1.gemspec
I, [2014-01-02T13:15:29.425862 #6546]  INFO -- : 0:  multi_json (1.8.2) from /Users/noobeh/.rbenv/versions/2.0.0-p247/lib/ruby/gems/2.0.0/specifications/multi_json-1.8.2.gemspec
I, [2014-01-02T13:15:29.426264 #6546]  INFO -- : 0:  activesupport (3.2.13) from /Users/noobeh/.rbenv/versions/2.0.0-p247/lib/ruby/gems/2.0.0/specifications/activesupport-3.2.13.gemspec
I, [2014-01-02T13:15:29.426646 #6546]  INFO -- : 0:  builder (3.0.4) from /Users/noobeh/.rbenv/versions/2.0.0-p247/lib/ruby/gems/2.0.0/specifications/builder-3.0.4.gemspec
I, [2014-01-02T13:15:29.427022 #6546]  INFO -- : 0:  activemodel (3.2.13) from /Users/noobeh/.rbenv/versions/2.0.0-p247/lib/ruby/gems/2.0.0/specifications/activemodel-3.2.13.gemspec
I, [2014-01-02T13:15:29.427398 #6546]  INFO -- : 0:  erubis (2.7.0) from /Users/noobeh/.rbenv/versions/2.0.0-p247/lib/ruby/gems/2.0.0/specifications/erubis-2.7.0.gemspec
I, [2014-01-02T13:15:29.427783 #6546]  INFO -- : 0:  journey (1.0.4) from /Users/noobeh/.rbenv/versions/2.0.0-p247/lib/ruby/gems/2.0.0/specifications/journey-1.0.4.gemspec
I, [2014-01-02T13:15:29.428164 #6546]  INFO -- : 0:  rack (1.4.5) from /Users/noobeh/.rbenv/versions/2.0.0-p247/lib/ruby/gems/2.0.0/specifications/rack-1.4.5.gemspec
I, [2014-01-02T13:15:29.428556 #6546]  INFO -- : 0:  rack-cache (1.2) from /Users/noobeh/.rbenv/versions/2.0.0-p247/lib/ruby/gems/2.0.0/specifications/rack-cache-1.2.gemspec
I, [2014-01-02T13:15:29.428966 #6546]  INFO -- : 0:  rack-test (0.6.2) from /Users/noobeh/.rbenv/versions/2.0.0-p247/lib/ruby/gems/2.0.0/specifications/rack-test-0.6.2.gemspec
I, [2014-01-02T13:15:29.429399 #6546]  INFO -- : 0:  hike (1.2.3) from /Users/noobeh/.rbenv/versions/2.0.0-p247/lib/ruby/gems/2.0.0/specifications/hike-1.2.3.gemspec
I, [2014-01-02T13:15:29.429777 #6546]  INFO -- : 0:  tilt (1.4.1) from /Users/noobeh/.rbenv/versions/2.0.0-p247/lib/ruby/gems/2.0.0/specifications/tilt-1.4.1.gemspec
I, [2014-01-02T13:15:29.430171 #6546]  INFO -- : 0:  sprockets (2.2.2) from /Users/noobeh/.rbenv/versions/2.0.0-p247/lib/ruby/gems/2.0.0/specifications/sprockets-2.2.2.gemspec
I, [2014-01-02T13:15:29.430561 #6546]  INFO -- : 0:  actionpack (3.2.13) from /Users/noobeh/.rbenv/versions/2.0.0-p247/lib/ruby/gems/2.0.0/specifications/actionpack-3.2.13.gemspec
I, [2014-01-02T13:15:29.430948 #6546]  INFO -- : 0:  mime-types (1.25.1) from /Users/noobeh/.rbenv/versions/2.0.0-p247/lib/ruby/gems/2.0.0/specifications/mime-types-1.25.1.gemspec
I, [2014-01-02T13:15:29.431337 #6546]  INFO -- : 0:  polyglot (0.3.3) from /Users/noobeh/.rbenv/versions/2.0.0-p247/lib/ruby/gems/2.0.0/specifications/polyglot-0.3.3.gemspec
I, [2014-01-02T13:15:29.431726 #6546]  INFO -- : 0:  treetop (1.4.15) from /Users/noobeh/.rbenv/versions/2.0.0-p247/lib/ruby/gems/2.0.0/specifications/treetop-1.4.15.gemspec
I, [2014-01-02T13:15:29.432105 #6546]  INFO -- : 0:  mail (2.5.4) from /Users/noobeh/.rbenv/versions/2.0.0-p247/lib/ruby/gems/2.0.0/specifications/mail-2.5.4.gemspec
I, [2014-01-02T13:15:29.432494 #6546]  INFO -- : 0:  actionmailer (3.2.13) from /Users/noobeh/.rbenv/versions/2.0.0-p247/lib/ruby/gems/2.0.0/specifications/actionmailer-3.2.13.gemspec
I, [2014-01-02T13:15:29.432883 #6546]  INFO -- : 0:  active_utils (2.0.1) from /Users/noobeh/.rbenv/versions/2.0.0-p247/lib/ruby/gems/2.0.0/specifications/active_utils-2.0.1.gemspec
I, [2014-01-02T13:15:29.433283 #6546]  INFO -- : 0:  json (1.8.1) from /Users/noobeh/.rbenv/versions/2.0.0-p247/lib/ruby/gems/2.0.0/specifications/json-1.8.1.gemspec
I, [2014-01-02T13:15:29.655430 #6546]  INFO -- : 0:  active_shipping (0.9.13) from /Users/noobeh/.rbenv/versions/2.0.0-p247/lib/ruby/gems/2.0.0/bundler/gems/active_shipping-5a7c33e738ad/active_shipping.gemspec
I, [2014-01-02T13:15:29.655961 #6546]  INFO -- : 0:  arbre (1.0.1) from /Users/noobeh/.rbenv/versions/2.0.0-p247/lib/ruby/gems/2.0.0/specifications/arbre-1.0.1.gemspec
I, [2014-01-02T13:15:29.656361 #6546]  INFO -- : 0:  sass (3.2.12) from /Users/noobeh/.rbenv/versions/2.0.0-p247/lib/ruby/gems/2.0.0/specifications/sass-3.2.12.gemspec
I, [2014-01-02T13:15:29.656739 #6546]  INFO -- : 0:  thor (0.18.1) from /Users/noobeh/.rbenv/versions/2.0.0-p247/lib/ruby/gems/2.0.0/specifications/thor-0.18.1.gemspec
I, [2014-01-02T13:15:29.657119 #6546]  INFO -- : 0:  bourbon (3.1.8) from /Users/noobeh/.rbenv/versions/2.0.0-p247/lib/ruby/gems/2.0.0/specifications/bourbon-3.1.8.gemspec
I, [2014-01-02T13:15:29.657494 #6546]  INFO -- : 0:  bcrypt-ruby (3.1.2) from /Users/noobeh/.rbenv/versions/2.0.0-p247/lib/ruby/gems/2.0.0/specifications/bcrypt-ruby-3.1.2.gemspec
I, [2014-01-02T13:15:29.657875 #6546]  INFO -- : 0:  orm_adapter (0.5.0) from /Users/noobeh/.rbenv/versions/2.0.0-p247/lib/ruby/gems/2.0.0/specifications/orm_adapter-0.5.0.gemspec
I, [2014-01-02T13:15:29.658265 #6546]  INFO -- : 0:  rack-ssl (1.3.3) from /Users/noobeh/.rbenv/versions/2.0.0-p247/lib/ruby/gems/2.0.0/specifications/rack-ssl-1.3.3.gemspec
I, [2014-01-02T13:15:29.658665 #6546]  INFO -- : 0:  rdoc (3.12.2) from /Users/noobeh/.rbenv/versions/2.0.0-p247/lib/ruby/gems/2.0.0/specifications/rdoc-3.12.2.gemspec
I, [2014-01-02T13:15:29.659059 #6546]  INFO -- : 0:  railties (3.2.13) from /Users/noobeh/.rbenv/versions/2.0.0-p247/lib/ruby/gems/2.0.0/specifications/railties-3.2.13.gemspec
I, [2014-01-02T13:15:29.659448 #6546]  INFO -- : 0:  atomic (1.1.14) from /Users/noobeh/.rbenv/versions/2.0.0-p247/lib/ruby/gems/2.0.0/specifications/atomic-1.1.14.gemspec
I, [2014-01-02T13:15:29.659835 #6546]  INFO -- : 0:  thread_safe (0.1.3) from /Users/noobeh/.rbenv/versions/2.0.0-p247/lib/ruby/gems/2.0.0/specifications/thread_safe-0.1.3.gemspec
I, [2014-01-02T13:15:29.660228 #6546]  INFO -- : 0:  warden (1.2.3) from /Users/noobeh/.rbenv/versions/2.0.0-p247/lib/ruby/gems/2.0.0/specifications/warden-1.2.3.gemspec
I, [2014-01-02T13:15:29.660635 #6546]  INFO -- : 0:  devise (3.2.2) from /Users/noobeh/.rbenv/versions/2.0.0-p247/lib/ruby/gems/2.0.0/specifications/devise-3.2.2.gemspec
I, [2014-01-02T13:15:29.661017 #6546]  INFO -- : 0:  formtastic (2.1.1) from /Users/noobeh/.rbenv/versions/2.0.0-p247/lib/ruby/gems/2.0.0/specifications/formtastic-2.1.1.gemspec
I, [2014-01-02T13:15:29.661401 #6546]  INFO -- : 0:  has_scope (0.6.0.rc) from /Users/noobeh/.rbenv/versions/2.0.0-p247/lib/ruby/gems/2.0.0/specifications/has_scope-0.6.0.rc.gemspec
I, [2014-01-02T13:15:29.661944 #6546]  INFO -- : 0:  responders (1.0.0) from /Users/noobeh/.rbenv/versions/2.0.0-p247/lib/ruby/gems/2.0.0/specifications/responders-1.0.0.gemspec
I, [2014-01-02T13:15:29.662325 #6546]  INFO -- : 0:  inherited_resources (1.4.1) from /Users/noobeh/.rbenv/versions/2.0.0-p247/lib/ruby/gems/2.0.0/specifications/inherited_resources-1.4.1.gemspec
I, [2014-01-02T13:15:29.662698 #6546]  INFO -- : 0:  jquery-rails (2.3.0) from /Users/noobeh/.rbenv/versions/2.0.0-p247/lib/ruby/gems/2.0.0/specifications/jquery-rails-2.3.0.gemspec
I, [2014-01-02T13:15:29.663076 #6546]  INFO -- : 0:  kaminari (0.15.0) from /Users/noobeh/.rbenv/versions/2.0.0-p247/lib/ruby/gems/2.0.0/specifications/kaminari-0.15.0.gemspec
I, [2014-01-02T13:15:29.663457 #6546]  INFO -- : 0:  arel (3.0.3) from /Users/noobeh/.rbenv/versions/2.0.0-p247/lib/ruby/gems/2.0.0/specifications/arel-3.0.3.gemspec
I, [2014-01-02T13:15:29.663836 #6546]  INFO -- : 0:  tzinfo (0.3.38) from /Users/noobeh/.rbenv/versions/2.0.0-p247/lib/ruby/gems/2.0.0/specifications/tzinfo-0.3.38.gemspec
I, [2014-01-02T13:15:29.664228 #6546]  INFO -- : 0:  activerecord (3.2.13) from /Users/noobeh/.rbenv/versions/2.0.0-p247/lib/ruby/gems/2.0.0/specifications/activerecord-3.2.13.gemspec
I, [2014-01-02T13:15:29.664621 #6546]  INFO -- : 0:  polyamorous (0.5.0) from /Users/noobeh/.rbenv/versions/2.0.0-p247/lib/ruby/gems/2.0.0/specifications/polyamorous-0.5.0.gemspec
I, [2014-01-02T13:15:29.665020 #6546]  INFO -- : 0:  meta_search (1.1.3) from /Users/noobeh/.rbenv/versions/2.0.0-p247/lib/ruby/gems/2.0.0/specifications/meta_search-1.1.3.gemspec
I, [2014-01-02T13:15:29.665431 #6546]  INFO -- : 0:  activeresource (3.2.13) from /Users/noobeh/.rbenv/versions/2.0.0-p247/lib/ruby/gems/2.0.0/specifications/activeresource-3.2.13.gemspec
I, [2014-01-02T13:15:29.665779 #6546]  INFO -- : 0:  bundler (1.5.0) from /Users/noobeh/.rbenv/versions/2.0.0-p247/lib/ruby/gems/2.0.0/specifications/bundler-1.5.0.gemspec
I, [2014-01-02T13:15:29.666171 #6546]  INFO -- : 0:  rails (3.2.13) from /Users/noobeh/.rbenv/versions/2.0.0-p247/lib/ruby/gems/2.0.0/specifications/rails-3.2.13.gemspec
I, [2014-01-02T13:15:29.666554 #6546]  INFO -- : 0:  activeadmin (0.6.2) from /Users/noobeh/.rbenv/versions/2.0.0-p247/lib/ruby/gems/2.0.0/specifications/activeadmin-0.6.2.gemspec
I, [2014-01-02T13:15:29.666922 #6546]  INFO -- : 0:  addressable (2.3.5) from /Users/noobeh/.rbenv/versions/2.0.0-p247/lib/ruby/gems/2.0.0/specifications/addressable-2.3.5.gemspec
I, [2014-01-02T13:15:29.667303 #6546]  INFO -- : 0:  multipart-post (1.2.0) from /Users/noobeh/.rbenv/versions/2.0.0-p247/lib/ruby/gems/2.0.0/specifications/multipart-post-1.2.0.gemspec
I, [2014-01-02T13:15:29.667695 #6546]  INFO -- : 0:  faraday (0.8.8) from /Users/noobeh/.rbenv/versions/2.0.0-p247/lib/ruby/gems/2.0.0/specifications/faraday-0.8.8.gemspec
I, [2014-01-02T13:15:29.668096 #6546]  INFO -- : 0:  faraday_middleware (0.9.0) from /Users/noobeh/.rbenv/versions/2.0.0-p247/lib/ruby/gems/2.0.0/specifications/faraday_middleware-0.9.0.gemspec
I, [2014-01-02T13:15:29.668477 #6546]  INFO -- : 0:  analytics-ruby (0.5.4) from /Users/noobeh/.rbenv/versions/2.0.0-p247/lib/ruby/gems/2.0.0/specifications/analytics-ruby-0.5.4.gemspec
I, [2014-01-02T13:15:29.668862 #6546]  INFO -- : 0:  ansi (1.4.3) from /Users/noobeh/.rbenv/versions/2.0.0-p247/lib/ruby/gems/2.0.0/specifications/ansi-1.4.3.gemspec
I, [2014-01-02T13:15:29.669252 #6546]  INFO -- : 0:  awesome_print (1.2.0) from /Users/noobeh/.rbenv/versions/2.0.0-p247/lib/ruby/gems/2.0.0/specifications/awesome_print-1.2.0.gemspec
I, [2014-01-02T13:15:29.669684 #6546]  INFO -- : 0:  xml-simple (1.1.2) from /Users/noobeh/.rbenv/versions/2.0.0-p247/lib/ruby/gems/2.0.0/specifications/xml-simple-1.1.2.gemspec
I, [2014-01-02T13:15:29.670078 #6546]  INFO -- : 0:  aws-s3 (0.6.3) from /Users/noobeh/.rbenv/versions/2.0.0-p247/lib/ruby/gems/2.0.0/specifications/aws-s3-0.6.3.gemspec
I, [2014-01-02T13:15:29.670477 #6546]  INFO -- : 0:  mini_portile (0.5.2) from /Users/noobeh/.rbenv/versions/2.0.0-p247/lib/ruby/gems/2.0.0/specifications/mini_portile-0.5.2.gemspec
I, [2014-01-02T13:15:29.670858 #6546]  INFO -- : 0:  nokogiri (1.6.0) from /Users/noobeh/.rbenv/versions/2.0.0-p247/lib/ruby/gems/2.0.0/specifications/nokogiri-1.6.0.gemspec
I, [2014-01-02T13:15:29.671249 #6546]  INFO -- : 0:  uuidtools (2.1.4) from /Users/noobeh/.rbenv/versions/2.0.0-p247/lib/ruby/gems/2.0.0/specifications/uuidtools-2.1.4.gemspec
I, [2014-01-02T13:15:29.671786 #6546]  INFO -- : 0:  aws-sdk (1.29.1) from /Users/noobeh/.rbenv/versions/2.0.0-p247/lib/ruby/gems/2.0.0/specifications/aws-sdk-1.29.1.gemspec
I, [2014-01-02T13:15:29.672189 #6546]  INFO -- : 0:  coderay (1.1.0) from /Users/noobeh/.rbenv/versions/2.0.0-p247/lib/ruby/gems/2.0.0/specifications/coderay-1.1.0.gemspec
I, [2014-01-02T13:15:29.672587 #6546]  INFO -- : 0:  better_errors (1.0.1) from /Users/noobeh/.rbenv/versions/2.0.0-p247/lib/ruby/gems/2.0.0/specifications/better_errors-1.0.1.gemspec
I, [2014-01-02T13:15:29.672975 #6546]  INFO -- : 0:  debug_inspector (0.0.2) from /Users/noobeh/.rbenv/versions/2.0.0-p247/lib/ruby/gems/2.0.0/specifications/debug_inspector-0.0.2.gemspec
I, [2014-01-02T13:15:29.688036 #6546]  INFO -- : 0:  binding_of_caller (0.7.2) from /Users/noobeh/.rbenv/versions/2.0.0-p247/lib/ruby/gems/2.0.0/specifications/binding_of_caller-0.7.2.gemspec
I, [2014-01-02T13:15:29.688429 #6546]  INFO -- : 0:  uniform_notifier (1.4.0) from /Users/noobeh/.rbenv/versions/2.0.0-p247/lib/ruby/gems/2.0.0/specifications/uniform_notifier-1.4.0.gemspec
I, [2014-01-02T13:15:29.688794 #6546]  INFO -- : 0:  bullet (4.7.1) from /Users/noobeh/.rbenv/versions/2.0.0-p247/lib/ruby/gems/2.0.0/specifications/bullet-4.7.1.gemspec
I, [2014-01-02T13:15:29.689185 #6546]  INFO -- : 0:  callsite (0.0.11) from /Users/noobeh/.rbenv/versions/2.0.0-p247/lib/ruby/gems/2.0.0/specifications/callsite-0.0.11.gemspec
I, [2014-01-02T13:15:29.689557 #6546]  INFO -- : 0:  carrierwave (0.9.0) from /Users/noobeh/.rbenv/versions/2.0.0-p247/lib/ruby/gems/2.0.0/specifications/carrierwave-0.9.0.gemspec
I, [2014-01-02T13:15:29.689925 #6546]  INFO -- : 0:  cocaine (0.3.2) from /Users/noobeh/.rbenv/versions/2.0.0-p247/lib/ruby/gems/2.0.0/specifications/cocaine-0.3.2.gemspec
I, [2014-01-02T13:15:29.690283 #6546]  INFO -- : 0:  coffee-script-source (1.6.3) from /Users/noobeh/.rbenv/versions/2.0.0-p247/lib/ruby/gems/2.0.0/specifications/coffee-script-source-1.6.3.gemspec
I, [2014-01-02T13:15:29.690635 #6546]  INFO -- : 0:  execjs (2.0.2) from /Users/noobeh/.rbenv/versions/2.0.0-p247/lib/ruby/gems/2.0.0/specifications/execjs-2.0.2.gemspec
I, [2014-01-02T13:15:29.691014 #6546]  INFO -- : 0:  coffee-script (2.2.0) from /Users/noobeh/.rbenv/versions/2.0.0-p247/lib/ruby/gems/2.0.0/specifications/coffee-script-2.2.0.gemspec
I, [2014-01-02T13:15:29.691365 #6546]  INFO -- : 0:  coffee-rails (3.2.2) from /Users/noobeh/.rbenv/versions/2.0.0-p247/lib/ruby/gems/2.0.0/specifications/coffee-rails-3.2.2.gemspec
I, [2014-01-02T13:15:29.691697 #6546]  INFO -- : 0:  columnize (0.3.6) from /Users/noobeh/.rbenv/versions/2.0.0-p247/lib/ruby/gems/2.0.0/specifications/columnize-0.3.6.gemspec
I, [2014-01-02T13:15:29.692018 #6546]  INFO -- : 0:  commonjs (0.2.7) from /Users/noobeh/.rbenv/versions/2.0.0-p247/lib/ruby/gems/2.0.0/specifications/commonjs-0.2.7.gemspec
I, [2014-01-02T13:15:29.692322 #6546]  INFO -- : 0:  coolline (0.4.2) from /Users/noobeh/.rbenv/versions/2.0.0-p247/lib/ruby/gems/2.0.0/specifications/coolline-0.4.2.gemspec
I, [2014-01-02T13:15:29.692626 #6546]  INFO -- : 0:  daemons (1.1.9) from /Users/noobeh/.rbenv/versions/2.0.0-p247/lib/ruby/gems/2.0.0/specifications/daemons-1.1.9.gemspec
I, [2014-01-02T13:15:29.692938 #6546]  INFO -- : 0:  debugger-linecache (1.2.0) from /Users/noobeh/.rbenv/versions/2.0.0-p247/lib/ruby/gems/2.0.0/specifications/debugger-linecache-1.2.0.gemspec
I, [2014-01-02T13:15:29.697534 #6546]  INFO -- : 0:  debugger-ruby_core_source (1.2.4) from /Users/noobeh/.rbenv/versions/2.0.0-p247/lib/ruby/gems/2.0.0/specifications/debugger-ruby_core_source-1.2.4.gemspec
I, [2014-01-02T13:15:29.698013 #6546]  INFO -- : 0:  debugger (1.6.3) from /Users/noobeh/.rbenv/versions/2.0.0-p247/lib/ruby/gems/2.0.0/specifications/debugger-1.6.3.gemspec
I, [2014-01-02T13:15:29.698409 #6546]  INFO -- : 0:  devise-encryptable (0.1.2) from /Users/noobeh/.rbenv/versions/2.0.0-p247/lib/ruby/gems/2.0.0/specifications/devise-encryptable-0.1.2.gemspec
I, [2014-01-02T13:15:29.806949 #6546]  INFO -- : 0:  devise_invitable (1.3.1) from /Users/noobeh/.rbenv/versions/2.0.0-p247/lib/ruby/gems/2.0.0/bundler/gems/devise_invitable-09d1b9830787/devise_invitable.gemspec
I, [2014-01-02T13:15:29.807541 #6546]  INFO -- : 0:  diff-lcs (1.2.5) from /Users/noobeh/.rbenv/versions/2.0.0-p247/lib/ruby/gems/2.0.0/specifications/diff-lcs-1.2.5.gemspec
I, [2014-01-02T13:15:29.807963 #6546]  INFO -- : 0:  diffy (3.0.1) from /Users/noobeh/.rbenv/versions/2.0.0-p247/lib/ruby/gems/2.0.0/specifications/diffy-3.0.1.gemspec
I, [2014-01-02T13:15:29.808340 #6546]  INFO -- : 0:  eventmachine (1.0.3) from /Users/noobeh/.rbenv/versions/2.0.0-p247/lib/ruby/gems/2.0.0/specifications/eventmachine-1.0.3.gemspec
I, [2014-01-02T13:15:29.808745 #6546]  INFO -- : 0:  exception_notification (4.0.1) from /Users/noobeh/.rbenv/versions/2.0.0-p247/lib/ruby/gems/2.0.0/specifications/exception_notification-4.0.1.gemspec
I, [2014-01-02T13:15:29.809165 #6546]  INFO -- : 0:  ey_config (0.0.6) from /Users/noobeh/.rbenv/versions/2.0.0-p247/lib/ruby/gems/2.0.0/specifications/ey_config-0.0.6.gemspec
I, [2014-01-02T13:15:29.809556 #6546]  INFO -- : 0:  fattr (2.2.1) from /Users/noobeh/.rbenv/versions/2.0.0-p247/lib/ruby/gems/2.0.0/specifications/fattr-2.2.1.gemspec
I, [2014-01-02T13:15:29.809981 #6546]  INFO -- : 0:  figaro (0.7.0) from /Users/noobeh/.rbenv/versions/2.0.0-p247/lib/ruby/gems/2.0.0/specifications/figaro-0.7.0.gemspec
I, [2014-01-02T13:15:29.810416 #6546]  INFO -- : 0:  font-awesome-rails (3.0.2.0) from /Users/noobeh/.rbenv/versions/2.0.0-p247/lib/ruby/gems/2.0.0/specifications/font-awesome-rails-3.0.2.0.gemspec
I, [2014-01-02T13:15:29.810802 #6546]  INFO -- : 0:  foreigner (1.6.0) from /Users/noobeh/.rbenv/versions/2.0.0-p247/lib/ruby/gems/2.0.0/specifications/foreigner-1.6.0.gemspec
I, [2014-01-02T13:15:29.811217 #6546]  INFO -- : 0:  geocoder (1.1.9) from /Users/noobeh/.rbenv/versions/2.0.0-p247/lib/ruby/gems/2.0.0/specifications/geocoder-1.1.9.gemspec
I, [2014-01-02T13:15:29.811600 #6546]  INFO -- : 0:  geokit (1.7.1) from /Users/noobeh/.rbenv/versions/2.0.0-p247/lib/ruby/gems/2.0.0/specifications/geokit-1.7.1.gemspec
I, [2014-01-02T13:15:29.812022 #6546]  INFO -- : 0:  posix-spawn (0.3.8) from /Users/noobeh/.rbenv/versions/2.0.0-p247/lib/ruby/gems/2.0.0/specifications/posix-spawn-0.3.8.gemspec
I, [2014-01-02T13:15:29.812438 #6546]  INFO -- : 0:  grit (2.5.0) from /Users/noobeh/.rbenv/versions/2.0.0-p247/lib/ruby/gems/2.0.0/specifications/grit-2.5.0.gemspec
I, [2014-01-02T13:15:29.812830 #6546]  INFO -- : 0:  hashie (2.0.5) from /Users/noobeh/.rbenv/versions/2.0.0-p247/lib/ruby/gems/2.0.0/specifications/hashie-2.0.5.gemspec
I, [2014-01-02T13:15:29.813227 #6546]  INFO -- : 0:  highline (1.6.20) from /Users/noobeh/.rbenv/versions/2.0.0-p247/lib/ruby/gems/2.0.0/specifications/highline-1.6.20.gemspec
I, [2014-01-02T13:15:29.813650 #6546]  INFO -- : 0:  hirb (0.7.1) from /Users/noobeh/.rbenv/versions/2.0.0-p247/lib/ruby/gems/2.0.0/specifications/hirb-0.7.1.gemspec
I, [2014-01-02T13:15:29.814558 #6546]  INFO -- : 0:  multi_xml (0.5.5) from /Users/noobeh/.rbenv/versions/2.0.0-p247/lib/ruby/gems/2.0.0/specifications/multi_xml-0.5.5.gemspec
I, [2014-01-02T13:15:29.815051 #6546]  INFO -- : 0:  httparty (0.10.0) from /Users/noobeh/.rbenv/versions/2.0.0-p247/lib/ruby/gems/2.0.0/specifications/httparty-0.10.0.gemspec
I, [2014-01-02T13:15:29.815512 #6546]  INFO -- : 0:  httpauth (0.2.0) from /Users/noobeh/.rbenv/versions/2.0.0-p247/lib/ruby/gems/2.0.0/specifications/httpauth-0.2.0.gemspec
I, [2014-01-02T13:15:29.815957 #6546]  INFO -- : 0:  method_source (0.8.2) from /Users/noobeh/.rbenv/versions/2.0.0-p247/lib/ruby/gems/2.0.0/specifications/method_source-0.8.2.gemspec
I, [2014-01-02T13:15:29.816414 #6546]  INFO -- : 0:  slop (3.4.7) from /Users/noobeh/.rbenv/versions/2.0.0-p247/lib/ruby/gems/2.0.0/specifications/slop-3.4.7.gemspec
I, [2014-01-02T13:15:29.816869 #6546]  INFO -- : 0:  pry (0.9.12.4) from /Users/noobeh/.rbenv/versions/2.0.0-p247/lib/ruby/gems/2.0.0/specifications/pry-0.9.12.4.gemspec
I, [2014-01-02T13:15:29.817498 #6546]  INFO -- : 0:  pry-debugger (0.2.2) from /Users/noobeh/.rbenv/versions/2.0.0-p247/lib/ruby/gems/2.0.0/specifications/pry-debugger-0.2.2.gemspec
I, [2014-01-02T13:15:29.817973 #6546]  INFO -- : 0:  yard (0.8.7.3) from /Users/noobeh/.rbenv/versions/2.0.0-p247/lib/ruby/gems/2.0.0/specifications/yard-0.8.7.3.gemspec
I, [2014-01-02T13:15:29.818425 #6546]  INFO -- : 0:  pry-doc (0.4.6) from /Users/noobeh/.rbenv/versions/2.0.0-p247/lib/ruby/gems/2.0.0/specifications/pry-doc-0.4.6.gemspec
I, [2014-01-02T13:15:29.818873 #6546]  INFO -- : 0:  pry-git (0.2.3) from /Users/noobeh/.rbenv/versions/2.0.0-p247/lib/ruby/gems/2.0.0/specifications/pry-git-0.2.3.gemspec
I, [2014-01-02T13:15:29.819335 #6546]  INFO -- : 0:  pry-rails (0.3.2) from /Users/noobeh/.rbenv/versions/2.0.0-p247/lib/ruby/gems/2.0.0/specifications/pry-rails-0.3.2.gemspec
I, [2014-01-02T13:15:29.819789 #6546]  INFO -- : 0:  pry-remote (0.1.7) from /Users/noobeh/.rbenv/versions/2.0.0-p247/lib/ruby/gems/2.0.0/specifications/pry-remote-0.1.7.gemspec
I, [2014-01-02T13:15:29.820274 #6546]  INFO -- : 0:  pry-stack_explorer (0.4.9.1) from /Users/noobeh/.rbenv/versions/2.0.0-p247/lib/ruby/gems/2.0.0/specifications/pry-stack_explorer-0.4.9.1.gemspec
I, [2014-01-02T13:15:29.820726 #6546]  INFO -- : 0:  jazz_hands (0.5.2) from /Users/noobeh/.rbenv/versions/2.0.0-p247/lib/ruby/gems/2.0.0/specifications/jazz_hands-0.5.2.gemspec
I, [2014-01-02T13:15:29.821230 #6546]  INFO -- : 0:  jquery-fileupload-rails (0.4.1) from /Users/noobeh/.rbenv/versions/2.0.0-p247/lib/ruby/gems/2.0.0/specifications/jquery-fileupload-rails-0.4.1.gemspec
I, [2014-01-02T13:15:29.821644 #6546]  INFO -- : 0:  jwt (0.1.8) from /Users/noobeh/.rbenv/versions/2.0.0-p247/lib/ruby/gems/2.0.0/specifications/jwt-0.1.8.gemspec
I, [2014-01-02T13:15:29.822053 #6546]  INFO -- : 0:  koala (1.6.0) from /Users/noobeh/.rbenv/versions/2.0.0-p247/lib/ruby/gems/2.0.0/specifications/koala-1.6.0.gemspec
I, [2014-01-02T13:15:29.822446 #6546]  INFO -- : 0:  less (2.4.0) from /Users/noobeh/.rbenv/versions/2.0.0-p247/lib/ruby/gems/2.0.0/specifications/less-2.4.0.gemspec
I, [2014-01-02T13:15:29.822863 #6546]  INFO -- : 0:  less-rails (2.4.2) from /Users/noobeh/.rbenv/versions/2.0.0-p247/lib/ruby/gems/2.0.0/specifications/less-rails-2.4.2.gemspec
I, [2014-01-02T13:15:29.823394 #6546]  INFO -- : 0:  libv8 (3.11.8.17) from /Users/noobeh/.rbenv/versions/2.0.0-p247/lib/ruby/gems/2.0.0/specifications/libv8-3.11.8.17-x86_64-darwin-13.gemspec
I, [2014-01-02T13:15:29.823887 #6546]  INFO -- : 0:  oauth (0.4.7) from /Users/noobeh/.rbenv/versions/2.0.0-p247/lib/ruby/gems/2.0.0/specifications/oauth-0.4.7.gemspec
I, [2014-01-02T13:15:29.824346 #6546]  INFO -- : 0:  linkedin (0.4.4) from /Users/noobeh/.rbenv/versions/2.0.0-p247/lib/ruby/gems/2.0.0/specifications/linkedin-0.4.4.gemspec
I, [2014-01-02T13:15:29.824814 #6546]  INFO -- : 0:  mailboxer (0.11.0) from /Users/noobeh/.rbenv/versions/2.0.0-p247/lib/ruby/gems/2.0.0/specifications/mailboxer-0.11.0.gemspec
I, [2014-01-02T13:15:29.826377 #6546]  INFO -- : 0:  rack-contrib (1.1.0) from /Users/noobeh/.rbenv/versions/2.0.0-p247/lib/ruby/gems/2.0.0/specifications/rack-contrib-1.1.0.gemspec
I, [2014-01-02T13:15:29.826795 #6546]  INFO -- : 0:  meta_request (0.2.8) from /Users/noobeh/.rbenv/versions/2.0.0-p247/lib/ruby/gems/2.0.0/specifications/meta_request-0.2.8.gemspec
I, [2014-01-02T13:15:29.827220 #6546]  INFO -- : 0:  mysql2 (0.3.14) from /Users/noobeh/.rbenv/versions/2.0.0-p247/lib/ruby/gems/2.0.0/specifications/mysql2-0.3.14.gemspec
I, [2014-01-02T13:15:29.827630 #6546]  INFO -- : 0:  nestful (1.0.7) from /Users/noobeh/.rbenv/versions/2.0.0-p247/lib/ruby/gems/2.0.0/specifications/nestful-1.0.7.gemspec
I, [2014-01-02T13:15:29.828039 #6546]  INFO -- : 0:  newrelic_rpm (3.7.0.177) from /Users/noobeh/.rbenv/versions/2.0.0-p247/lib/ruby/gems/2.0.0/specifications/newrelic_rpm-3.7.0.177.gemspec
I, [2014-01-02T13:15:29.828451 #6546]  INFO -- : 0:  oauth2 (0.8.1) from /Users/noobeh/.rbenv/versions/2.0.0-p247/lib/ruby/gems/2.0.0/specifications/oauth2-0.8.1.gemspec
I, [2014-01-02T13:15:29.828851 #6546]  INFO -- : 0:  omniauth (1.1.4) from /Users/noobeh/.rbenv/versions/2.0.0-p247/lib/ruby/gems/2.0.0/specifications/omniauth-1.1.4.gemspec
I, [2014-01-02T13:15:29.829269 #6546]  INFO -- : 0:  omniauth-oauth2 (1.1.1) from /Users/noobeh/.rbenv/versions/2.0.0-p247/lib/ruby/gems/2.0.0/specifications/omniauth-oauth2-1.1.1.gemspec
I, [2014-01-02T13:15:29.829684 #6546]  INFO -- : 0:  omniauth-facebook (1.5.1) from /Users/noobeh/.rbenv/versions/2.0.0-p247/lib/ruby/gems/2.0.0/specifications/omniauth-facebook-1.5.1.gemspec
I, [2014-01-02T13:15:29.830113 #6546]  INFO -- : 0:  omniauth-oauth (1.0.1) from /Users/noobeh/.rbenv/versions/2.0.0-p247/lib/ruby/gems/2.0.0/specifications/omniauth-oauth-1.0.1.gemspec
I, [2014-01-02T13:15:29.830509 #6546]  INFO -- : 0:  omniauth-linkedin (0.1.0) from /Users/noobeh/.rbenv/versions/2.0.0-p247/lib/ruby/gems/2.0.0/specifications/omniauth-linkedin-0.1.0.gemspec
I, [2014-01-02T13:15:29.830918 #6546]  INFO -- : 0:  omniauth-twitter (1.0.1) from /Users/noobeh/.rbenv/versions/2.0.0-p247/lib/ruby/gems/2.0.0/specifications/omniauth-twitter-1.0.1.gemspec
I, [2014-01-02T13:15:29.831342 #6546]  INFO -- : 0:  opentok (0.1.2) from /Users/noobeh/.rbenv/versions/2.0.0-p247/lib/ruby/gems/2.0.0/specifications/opentok-0.1.2.gemspec
I, [2014-01-02T13:15:29.831757 #6546]  INFO -- : 0:  options (2.3.0) from /Users/noobeh/.rbenv/versions/2.0.0-p247/lib/ruby/gems/2.0.0/specifications/options-2.3.0.gemspec
I, [2014-01-02T13:15:29.832191 #6546]  INFO -- : 0:  paperclip (2.5.2) from /Users/noobeh/.rbenv/versions/2.0.0-p247/lib/ruby/gems/2.0.0/specifications/paperclip-2.5.2.gemspec
I, [2014-01-02T13:15:29.832618 #6546]  INFO -- : 0:  pr_geohash (1.0.0) from /Users/noobeh/.rbenv/versions/2.0.0-p247/lib/ruby/gems/2.0.0/specifications/pr_geohash-1.0.0.gemspec
I, [2014-01-02T13:15:29.833032 #6546]  INFO -- : 0:  progress_bar (1.0.0) from /Users/noobeh/.rbenv/versions/2.0.0-p247/lib/ruby/gems/2.0.0/specifications/progress_bar-1.0.0.gemspec
I, [2014-01-02T13:15:29.833449 #6546]  INFO -- : 0:  public_activity (1.4.0) from /Users/noobeh/.rbenv/versions/2.0.0-p247/lib/ruby/gems/2.0.0/specifications/public_activity-1.4.0.gemspec
I, [2014-01-02T13:15:29.833854 #6546]  INFO -- : 0:  quiet_assets (1.0.2) from /Users/noobeh/.rbenv/versions/2.0.0-p247/lib/ruby/gems/2.0.0/specifications/quiet_assets-1.0.2.gemspec
I, [2014-01-02T13:15:29.834279 #6546]  INFO -- : 0:  rabl (0.9.3) from /Users/noobeh/.rbenv/versions/2.0.0-p247/lib/ruby/gems/2.0.0/specifications/rabl-0.9.3.gemspec
I, [2014-01-02T13:15:29.834716 #6546]  INFO -- : 0:  rack-mini-profiler (0.1.31) from /Users/noobeh/.rbenv/versions/2.0.0-p247/lib/ruby/gems/2.0.0/specifications/rack-mini-profiler-0.1.31.gemspec
I, [2014-01-02T13:15:29.850547 #6546]  INFO -- : 0:  rack-protection (1.5.1) from /Users/noobeh/.rbenv/versions/2.0.0-p247/lib/ruby/gems/2.0.0/specifications/rack-protection-1.5.1.gemspec
I, [2014-01-02T13:15:29.850973 #6546]  INFO -- : 0:  rails-footnotes (3.7.9) from /Users/noobeh/.rbenv/versions/2.0.0-p247/lib/ruby/gems/2.0.0/specifications/rails-footnotes-3.7.9.gemspec
I, [2014-01-02T13:15:29.851370 #6546]  INFO -- : 0:  rails_autolink (1.1.5) from /Users/noobeh/.rbenv/versions/2.0.0-p247/lib/ruby/gems/2.0.0/specifications/rails_autolink-1.1.5.gemspec
I, [2014-01-02T13:15:29.851758 #6546]  INFO -- : 0:  redis (2.2.2) from /Users/noobeh/.rbenv/versions/2.0.0-p247/lib/ruby/gems/2.0.0/specifications/redis-2.2.2.gemspec
I, [2014-01-02T13:15:29.852128 #6546]  INFO -- : 0:  redis-namespace (1.1.1) from /Users/noobeh/.rbenv/versions/2.0.0-p247/lib/ruby/gems/2.0.0/specifications/redis-namespace-1.1.1.gemspec
I, [2014-01-02T13:15:29.852483 #6546]  INFO -- : 0:  redis-store (1.0.0.1) from /Users/noobeh/.rbenv/versions/2.0.0-p247/lib/ruby/gems/2.0.0/specifications/redis-store-1.0.0.1.gemspec
I, [2014-01-02T13:15:29.852845 #6546]  INFO -- : 0:  ref (1.0.5) from /Users/noobeh/.rbenv/versions/2.0.0-p247/lib/ruby/gems/2.0.0/specifications/ref-1.0.5.gemspec
I, [2014-01-02T13:15:29.853215 #6546]  INFO -- : 0:  remotipart (1.2.1) from /Users/noobeh/.rbenv/versions/2.0.0-p247/lib/ruby/gems/2.0.0/specifications/remotipart-1.2.1.gemspec
I, [2014-01-02T13:15:29.853596 #6546]  INFO -- : 0:  sinatra (1.4.4) from /Users/noobeh/.rbenv/versions/2.0.0-p247/lib/ruby/gems/2.0.0/specifications/sinatra-1.4.4.gemspec
I, [2014-01-02T13:15:29.853972 #6546]  INFO -- : 0:  vegas (0.1.11) from /Users/noobeh/.rbenv/versions/2.0.0-p247/lib/ruby/gems/2.0.0/specifications/vegas-0.1.11.gemspec
I, [2014-01-02T13:15:29.854342 #6546]  INFO -- : 0:  resque (1.23.1) from /Users/noobeh/.rbenv/versions/2.0.0-p247/lib/ruby/gems/2.0.0/specifications/resque-1.23.1.gemspec
I, [2014-01-02T13:15:29.854715 #6546]  INFO -- : 0:  rufus-scheduler (3.0.3) from /Users/noobeh/.rbenv/versions/2.0.0-p247/lib/ruby/gems/2.0.0/specifications/rufus-scheduler-3.0.3.gemspec
I, [2014-01-02T13:15:29.855090 #6546]  INFO -- : 0:  resque-scheduler (2.1.0) from /Users/noobeh/.rbenv/versions/2.0.0-p247/lib/ruby/gems/2.0.0/specifications/resque-scheduler-2.1.0.gemspec
I, [2014-01-02T13:15:29.855464 #6546]  INFO -- : 0:  resque_mailer (2.2.6) from /Users/noobeh/.rbenv/versions/2.0.0-p247/lib/ruby/gems/2.0.0/specifications/resque_mailer-2.2.6.gemspec
I, [2014-01-02T13:15:29.855840 #6546]  INFO -- : 0:  rest-client (1.6.7) from /Users/noobeh/.rbenv/versions/2.0.0-p247/lib/ruby/gems/2.0.0/specifications/rest-client-1.6.7.gemspec
I, [2014-01-02T13:15:29.856213 #6546]  INFO -- : 0:  rmagick (2.13.2) from /Users/noobeh/.rbenv/versions/2.0.0-p247/lib/ruby/gems/2.0.0/specifications/rmagick-2.13.2.gemspec
I, [2014-01-02T13:15:29.856609 #6546]  INFO -- : 0:  roauth (0.0.8) from /Users/noobeh/.rbenv/versions/2.0.0-p247/lib/ruby/gems/2.0.0/specifications/roauth-0.0.8.gemspec
I, [2014-01-02T13:15:29.856972 #6546]  INFO -- : 0:  rollbar (0.12.1) from /Users/noobeh/.rbenv/versions/2.0.0-p247/lib/ruby/gems/2.0.0/specifications/rollbar-0.12.1.gemspec
I, [2014-01-02T13:15:29.857325 #6546]  INFO -- : 0:  rsolr (1.0.9) from /Users/noobeh/.rbenv/versions/2.0.0-p247/lib/ruby/gems/2.0.0/specifications/rsolr-1.0.9.gemspec
I, [2014-01-02T13:15:29.857677 #6546]  INFO -- : 0:  sass-rails (3.2.6) from /Users/noobeh/.rbenv/versions/2.0.0-p247/lib/ruby/gems/2.0.0/specifications/sass-rails-3.2.6.gemspec
I, [2014-01-02T13:15:29.858227 #6546]  INFO -- : 0:  sendgrid (1.2.0) from /Users/noobeh/.rbenv/versions/2.0.0-p247/lib/ruby/gems/2.0.0/specifications/sendgrid-1.2.0.gemspec
I, [2014-01-02T13:15:29.858671 #6546]  INFO -- : 0:  simple-random (0.9.3) from /Users/noobeh/.rbenv/versions/2.0.0-p247/lib/ruby/gems/2.0.0/specifications/simple-random-0.9.3.gemspec
I, [2014-01-02T13:15:29.859068 #6546]  INFO -- : 0:  simple_form (2.1.0) from /Users/noobeh/.rbenv/versions/2.0.0-p247/lib/ruby/gems/2.0.0/specifications/simple_form-2.1.0.gemspec
I, [2014-01-02T13:15:29.859453 #6546]  INFO -- : 0:  simple_oauth (0.2.0) from /Users/noobeh/.rbenv/versions/2.0.0-p247/lib/ruby/gems/2.0.0/specifications/simple_oauth-0.2.0.gemspec
I, [2014-01-02T13:15:29.859840 #6546]  INFO -- : 0:  split (0.6.6) from /Users/noobeh/.rbenv/versions/2.0.0-p247/lib/ruby/gems/2.0.0/specifications/split-0.6.6.gemspec
I, [2014-01-02T13:15:29.860236 #6546]  INFO -- : 0:  stripe (1.9.9) from /Users/noobeh/.rbenv/versions/2.0.0-p247/lib/ruby/gems/2.0.0/specifications/stripe-1.9.9.gemspec
I, [2014-01-02T13:15:30.158663 #6546]  INFO -- : 0:  sunspot (2.1.0) from /Users/noobeh/.rbenv/versions/2.0.0-p247/lib/ruby/gems/2.0.0/bundler/gems/sunspot-7917f8e0860b/sunspot/sunspot.gemspec
I, [2014-01-02T13:15:30.259078 #6546]  INFO -- : 0:  sunspot_rails (2.1.0) from /Users/noobeh/.rbenv/versions/2.0.0-p247/lib/ruby/gems/2.0.0/bundler/gems/sunspot-7917f8e0860b/sunspot_rails/sunspot_rails.gemspec
I, [2014-01-02T13:15:32.561124 #6546]  INFO -- : 0:  sunspot_solr (2.1.0) from /Users/noobeh/.rbenv/versions/2.0.0-p247/lib/ruby/gems/2.0.0/bundler/gems/sunspot-7917f8e0860b/sunspot_solr/sunspot_solr.gemspec
I, [2014-01-02T13:15:32.561678 #6546]  INFO -- : 0:  therubyracer (0.11.4) from /Users/noobeh/.rbenv/versions/2.0.0-p247/lib/ruby/gems/2.0.0/specifications/therubyracer-0.11.4.gemspec
I, [2014-01-02T13:15:32.562060 #6546]  INFO -- : 0:  thin (1.6.1) from /Users/noobeh/.rbenv/versions/2.0.0-p247/lib/ruby/gems/2.0.0/specifications/thin-1.6.1.gemspec
I, [2014-01-02T13:15:32.562416 #6546]  INFO -- : 0:  turn (0.8.2) from /Users/noobeh/.rbenv/versions/2.0.0-p247/lib/ruby/gems/2.0.0/specifications/turn-0.8.2.gemspec
I, [2014-01-02T13:15:32.562780 #6546]  INFO -- : 0:  twilio-ruby (3.11.4) from /Users/noobeh/.rbenv/versions/2.0.0-p247/lib/ruby/gems/2.0.0/specifications/twilio-ruby-3.11.4.gemspec
I, [2014-01-02T13:15:32.563148 #6546]  INFO -- : 0:  twitpic-full (1.0.1) from /Users/noobeh/.rbenv/versions/2.0.0-p247/lib/ruby/gems/2.0.0/specifications/twitpic-full-1.0.1.gemspec
I, [2014-01-02T13:15:32.563511 #6546]  INFO -- : 0:  twitter (4.8.1) from /Users/noobeh/.rbenv/versions/2.0.0-p247/lib/ruby/gems/2.0.0/specifications/twitter-4.8.1.gemspec
I, [2014-01-02T13:15:32.840656 #6546]  INFO -- : 0:  twitter-bootstrap-rails (2.2.8) from /Users/noobeh/.rbenv/versions/2.0.0-p247/lib/ruby/gems/2.0.0/bundler/gems/twitter-bootstrap-rails-e73a12afc1ef/twitter-bootstrap-rails.gemspec
I, [2014-01-02T13:15:32.841179 #6546]  INFO -- : 0:  uglifier (2.3.2) from /Users/noobeh/.rbenv/versions/2.0.0-p247/lib/ruby/gems/2.0.0/specifications/uglifier-2.3.2.gemspec
I, [2014-01-02T13:15:32.841789 #6546]  INFO -- : 0:  unicorn (1.1.5) from /Users/noobeh/.rbenv/versions/2.0.0-p247/lib/ruby/gems/2.0.0/specifications/unicorn-1.1.5.gemspec
I, [2014-01-02T13:15:32.842170 #6546]  INFO -- : 0:  will_paginate (3.0.5) from /Users/noobeh/.rbenv/versions/2.0.0-p247/lib/ruby/gems/2.0.0/specifications/will_paginate-3.0.5.gemspec
I, [2014-01-02T13:15:32.842645 #6546]  INFO -- : 0:  wiselinks (1.1.2) from /Users/noobeh/.rbenv/versions/2.0.0-p247/lib/ruby/gems/2.0.0/specifications/wiselinks-1.1.2.gemspec
